<?xml version="1.0" encoding="UTF-8"?>
<!-- Generated by org.testng.reporters.JUnitReportReporter -->
<testsuite hostname="koushik" failures="0" tests="2" name="testCases.TC002_LoginTest" time="2.690" errors="0" timestamp="2024-08-07T12:28:06 IST" skipped="0">
  <testcase classname="testCases.TC002_LoginTest" name="verify_login" time="1.403"/>
  <testcase classname="testCases.TC002_LoginTest" name="verify_login" time="1.287"/>
</testsuite> <!-- testCases.TC002_LoginTest -->
