<?xml version="1.0" encoding="UTF-8"?>
<!-- Generated by org.testng.reporters.JUnitReportReporter -->
<testsuite hostname="koushik" failures="0" tests="2" name="testCases.TC001_AccountRegistrationTest" time="4.297" errors="0" timestamp="2024-08-07T12:28:06 IST" skipped="0">
  <testcase classname="testCases.TC001_AccountRegistrationTest" name="verify_account_registration" time="2.044"/>
  <testcase classname="testCases.TC001_AccountRegistrationTest" name="verify_account_registration" time="2.253"/>
</testsuite> <!-- testCases.TC001_AccountRegistrationTest -->
